<scene name="test-template" layout="default" sceneDirector="level.py">
  <layer name="background"/>
  <layer name="plain"/>
  <layer name="grid">
    <actor costume="wall" x="420.0" y="180.0" zOrder="5" id="" colorize="" role="wall.py"/>
    <actor costume="wall" x="480.0" y="180.0" zOrder="5" id="" colorize="" role="wall.py"/>
    <actor costume="wall" x="540.0" y="180.0" zOrder="5" id="" colorize="" role="wall.py"/>
    <actor costume="wall" x="300.0" y="180.0" zOrder="5" id="" colorize="" role="wall.py"/>
    <actor costume="wall" x="360.0" y="180.0" zOrder="5" id="" colorize="" role="wall.py"/>
    <actor costume="autoPilot" x="420.0" y="300.0" zOrder="10" id="" colorize="" role="autoPilot.py">
      <role moves="" killOnPressed="true" autoTest="true"/>
    </actor>
    <actor costume="gate" x="540.0" y="360.0" zOrder="40" id="" colorize="" role="gate.py">
      <role scene="test" spare="0"/>
    </actor>
    <actor costume="player" x="420.0" y="360.0" zOrder="100" id="" colorize="" role="player.py">
      <role awake="true"/>
    </actor>
  </layer>
  <layer name="test"/>
</scene>
